<?xml version="1.0" encoding="UTF-8"?>
<!-- Generated by org.testng.reporters.JUnitReportReporter -->
<testsuite hostname="Telllap203" failures="0" tests="1" name="amazon.extentReports" time="10.246" errors="0" timestamp="22 Nov 2020 15:28:56 GMT" skipped="0">
  <testcase classname="amazon.extentReports" name="youtubeSearch" time="10.246"/>
</testsuite> <!-- amazon.extentReports -->
